Using pre-set license
Built from '2020.3/staging' branch; Version is '2020.3.14f1 (d0d1bb862f9d) revision 13685179'; Using compiler version '192528614'; Build Type 'Release'
OS: 'Windows 10 Home; OS build 19044.2130; Version 2009; 64bit' Language: 'ko' Physical Memory: 16292 MB
BatchMode: 1, IsHumanControllingUs: 0, StartBugReporterOnCrash: 0, Is64bit: 1, IsPro: 0

 COMMAND LINE ARGUMENTS:
C:\Users\skyto\Documents\2020.3.14f1\Editor\Unity.exe
-adb2
-batchMode
-noUpm
-name
AssetImportWorker0
-projectPath
D:/Game Projects/Tomato Punch
-logFile
Logs/AssetImportWorker0.log
-srvPort
3283
Successfully changed project path to: D:/Game Projects/Tomato Punch
D:/Game Projects/Tomato Punch
Using Asset Import Pipeline V2.
Refreshing native plugins compatible for Editor in 79.74 ms, found 3 plugins.
Preloading 0 native plugins for Editor in 0.00 ms.
Initialize engine version: 2020.3.14f1 (d0d1bb862f9d)
[Subsystems] Discovering subsystems at path C:/Users/skyto/Documents/2020.3.14f1/Editor/Data/Resources/UnitySubsystems
[Subsystems] Discovering subsystems at path D:/Game Projects/Tomato Punch/Assets
GfxDevice: creating device client; threaded=0
Direct3D:
    Version:  Direct3D 11.0 [level 11.1]
    Renderer: AMD Radeon RX 6700 XT (ID=0x73df)
    Vendor:   
    VRAM:     12243 MB
    Driver:   30.0.13023.4001
Shader 'Universal Render Pipeline/Particles/Lit': fallback shader 'Universal Render Pipeline/Particles/SimpleLit' not found
Initialize mono
Mono path[0] = 'C:/Users/skyto/Documents/2020.3.14f1/Editor/Data/Managed'
Mono path[1] = 'C:/Users/skyto/Documents/2020.3.14f1/Editor/Data/MonoBleedingEdge/lib/mono/unityjit'
Mono config path = 'C:/Users/skyto/Documents/2020.3.14f1/Editor/Data/MonoBleedingEdge/etc'
Using monoOptions --debugger-agent=transport=dt_socket,embedding=1,server=y,suspend=n,address=127.0.0.1:56816
Begin MonoManager ReloadAssembly
Registering precompiled unity dll's ...
Register platform support module: C:/Users/skyto/Documents/2020.3.14f1/Editor/Data/PlaybackEngines/WindowsStandaloneSupport/UnityEditor.WindowsStandalone.Extensions.dll
Registered in 0.004469 seconds.
Native extension for WindowsStandalone target not found
Refreshing native plugins compatible for Editor in 80.63 ms, found 3 plugins.
Preloading 0 native plugins for Editor in 0.00 ms.
Mono: successfully reloaded assembly
- Completed reload, in  1.043 seconds
Domain Reload Profiling:
	ReloadAssembly (1043ms)
		BeginReloadAssembly (70ms)
			ExecutionOrderSort (0ms)
			DisableScriptedObjects (0ms)
			BackupInstance (0ms)
			ReleaseScriptingObjects (0ms)
			CreateAndSetChildDomain (1ms)
		EndReloadAssembly (408ms)
			LoadAssemblies (64ms)
			RebuildTransferFunctionScriptingTraits (0ms)
			SetupTypeCache (126ms)
			ReleaseScriptCaches (0ms)
			RebuildScriptCaches (26ms)
			SetupLoadedEditorAssemblies (182ms)
				LogAssemblyErrors (0ms)
				InitializePlatformSupportModulesInManaged (4ms)
				SetLoadedEditorAssemblies (0ms)
				RefreshPlugins (81ms)
				BeforeProcessingInitializeOnLoad (9ms)
				ProcessInitializeOnLoadAttributes (66ms)
				ProcessInitializeOnLoadMethodAttributes (22ms)
				AfterProcessingInitializeOnLoad (0ms)
				EditorAssembliesLoaded (0ms)
			ExecutionOrderSort2 (0ms)
			AwakeInstancesAfterBackupRestoration (0ms)
Platform modules already initialized, skipping
Registering precompiled user dll's ...
Registered in 0.005833 seconds.
Begin MonoManager ReloadAssembly
Native extension for WindowsStandalone target not found
Refreshing native plugins compatible for Editor in 81.86 ms, found 3 plugins.
Preloading 0 native plugins for Editor in 0.00 ms.
Mono: successfully reloaded assembly
- Completed reload, in  1.242 seconds
Domain Reload Profiling:
	ReloadAssembly (1243ms)
		BeginReloadAssembly (149ms)
			ExecutionOrderSort (0ms)
			DisableScriptedObjects (4ms)
			BackupInstance (0ms)
			ReleaseScriptingObjects (0ms)
			CreateAndSetChildDomain (19ms)
		EndReloadAssembly (1022ms)
			LoadAssemblies (105ms)
			RebuildTransferFunctionScriptingTraits (0ms)
			SetupTypeCache (309ms)
			ReleaseScriptCaches (1ms)
			RebuildScriptCaches (58ms)
			SetupLoadedEditorAssemblies (447ms)
				LogAssemblyErrors (0ms)
				InitializePlatformSupportModulesInManaged (4ms)
				SetLoadedEditorAssemblies (0ms)
				RefreshPlugins (82ms)
				BeforeProcessingInitializeOnLoad (113ms)
				ProcessInitializeOnLoadAttributes (219ms)
				ProcessInitializeOnLoadMethodAttributes (13ms)
				AfterProcessingInitializeOnLoad (16ms)
				EditorAssembliesLoaded (0ms)
			ExecutionOrderSort2 (0ms)
			AwakeInstancesAfterBackupRestoration (5ms)
Platform modules already initialized, skipping
========================================================================
Worker process is ready to serve import requests
Shader 'Universal Render Pipeline/Particles/Lit': fallback shader 'Universal Render Pipeline/Particles/SimpleLit' not found
Launched and connected shader compiler UnityShaderCompiler.exe after 0.04 seconds
Refreshing native plugins compatible for Editor in 0.90 ms, found 3 plugins.
Preloading 0 native plugins for Editor in 0.00 ms.
Unloading 3940 Unused Serialized files (Serialized files now loaded: 0)
System memory in use before: 179.1 MB.
System memory in use after: 179.2 MB.

Unloading 42 unused Assets to reduce memory usage. Loaded Objects now: 4403.
Total: 3.044800 ms (FindLiveObjects: 0.367000 ms CreateObjectMapping: 0.089300 ms MarkObjects: 2.452800 ms  DeleteObjects: 0.134600 ms)

AssetImportParameters requested are different than current active one (requested -> active):
  custom:framework-win-MediaFoundation: 216162199b28c13a410421893ffa2e32 -> 
  custom:video-decoder-ogg-theora: a1e56fd34408186e4bbccfd4996cb3dc -> 
  custom:container-muxer-webm: aa71ff27fc2769a1b78a27578f13a17b -> 
  custom:container-demuxer-webm: 4f35f7cbe854078d1ac9338744f61a02 -> 
  custom:container-demuxer-ogg: 62fdf1f143b41e24485cea50d1cbac27 -> 
  custom:video-encoder-webm-vp8: eb34c28f22e8b96e1ab97ce403110664 -> 
  custom:video-decoder-webm-vp8: 9c59270c3fd7afecdb556c50c9e8de78 -> 
  custom:audio-decoder-ogg-vorbis: bf7c407c2cedff20999df2af8eb42d56 -> 
  custom:audio-encoder-webm-vorbis: bf7c407c2cedff20999df2af8eb42d56 -> 
========================================================================
Received Import Request.
  path: Assets/TextMesh Pro/KoreanFonts/Galmuri11-Bold.ttf
  artifactKey: Guid(6b3787d1f319221448bc57cebc36b604) Importer(815301076,1909f56bfc062723c751e8b465ee728b)
Start importing Assets/TextMesh Pro/KoreanFonts/Galmuri11-Bold.ttf using Guid(6b3787d1f319221448bc57cebc36b604) Importer(815301076,1909f56bfc062723c751e8b465ee728b)  -> (artifact id: 'da25c173d79f8a7aa1ddb0253c172d87') in 0.208623 seconds 
  Import took 0.229499 seconds .

========================================================================
Received Import Request.
  Time since last request: 230.596799 seconds.
  path: Assets/TextMesh Pro/KoreanFonts/Galmuri11-Bold.asset
  artifactKey: Guid(fec9bc946ed766e44818989c4945a0e2) Importer(815301076,1909f56bfc062723c751e8b465ee728b)
Start importing Assets/TextMesh Pro/KoreanFonts/Galmuri11-Bold.asset using Guid(fec9bc946ed766e44818989c4945a0e2) Importer(815301076,1909f56bfc062723c751e8b465ee728b)  -> (artifact id: 'a4af555fda7018ab1455ae4d15294326') in 0.336545 seconds 
  Import took 0.343195 seconds .

========================================================================
Received Import Request.
  Time since last request: 589.494283 seconds.
  path: Assets/TextMesh Pro/KoreanFonts/dalmoori.ttf
  artifactKey: Guid(9f7d4db5d4c06d34cb1e37fdfc7d3406) Importer(815301076,1909f56bfc062723c751e8b465ee728b)
Start importing Assets/TextMesh Pro/KoreanFonts/dalmoori.ttf using Guid(9f7d4db5d4c06d34cb1e37fdfc7d3406) Importer(815301076,1909f56bfc062723c751e8b465ee728b)  -> (artifact id: '3a3d746dc9af8e95fe3bdcb2b2fd3b20') in 0.015042 seconds 
  Import took 0.021507 seconds .

========================================================================
Received Import Request.
  Time since last request: 215.533969 seconds.
  path: Assets/TextMesh Pro/KoreanFonts/dalmoori.asset
  artifactKey: Guid(8a1f07605a05b124ab4708c32a3bb938) Importer(815301076,1909f56bfc062723c751e8b465ee728b)
Start importing Assets/TextMesh Pro/KoreanFonts/dalmoori.asset using Guid(8a1f07605a05b124ab4708c32a3bb938) Importer(815301076,1909f56bfc062723c751e8b465ee728b)  -> (artifact id: 'afbf3ef83224e10f8b3f572f10d97894') in 0.271229 seconds 
  Import took 0.278444 seconds .

========================================================================
Received Import Request.
  Time since last request: 1016.696267 seconds.
  path: Assets/TextMesh Pro/KoreanFonts/dalmoori.asset
  artifactKey: Guid(8a1f07605a05b124ab4708c32a3bb938) Importer(815301076,1909f56bfc062723c751e8b465ee728b)
Start importing Assets/TextMesh Pro/KoreanFonts/dalmoori.asset using Guid(8a1f07605a05b124ab4708c32a3bb938) Importer(815301076,1909f56bfc062723c751e8b465ee728b)  -> (artifact id: '9c99e8dcbd550bd9483407a254287fcf') in 0.186763 seconds 
  Import took 0.202090 seconds .

========================================================================
Received Import Request.
  Time since last request: 212.822374 seconds.
  path: Assets/TextMesh Pro/KoreanFonts/Galmuri11-Bold.asset
  artifactKey: Guid(fec9bc946ed766e44818989c4945a0e2) Importer(815301076,1909f56bfc062723c751e8b465ee728b)
Start importing Assets/TextMesh Pro/KoreanFonts/Galmuri11-Bold.asset using Guid(fec9bc946ed766e44818989c4945a0e2) Importer(815301076,1909f56bfc062723c751e8b465ee728b)  -> (artifact id: '815d349ce46382bad52948c2ed7cf43e') in 0.191935 seconds 
  Import took 0.208710 seconds .

========================================================================
Received Import Request.
  Time since last request: 195.545015 seconds.
  path: Assets/TextMesh Pro/KoreanFonts/Galmuri7.ttf
  artifactKey: Guid(bc1720d4a54b9b844baf2fecf054bc15) Importer(815301076,1909f56bfc062723c751e8b465ee728b)
Start importing Assets/TextMesh Pro/KoreanFonts/Galmuri7.ttf using Guid(bc1720d4a54b9b844baf2fecf054bc15) Importer(815301076,1909f56bfc062723c751e8b465ee728b)  -> (artifact id: '0c551f20f8886e47b2d8d0b8f5f1f15a') in 0.013890 seconds 
  Import took 0.020149 seconds .

========================================================================
Received Import Request.
  Time since last request: 0.002400 seconds.
  path: Assets/TextMesh Pro/KoreanFonts/Galmuri7.ttf
  artifactKey: Guid(bc1720d4a54b9b844baf2fecf054bc15) Importer(815301076,1909f56bfc062723c751e8b465ee728b)
Start importing Assets/TextMesh Pro/KoreanFonts/Galmuri7.ttf using Guid(bc1720d4a54b9b844baf2fecf054bc15) Importer(815301076,1909f56bfc062723c751e8b465ee728b)  -> (artifact id: '0c551f20f8886e47b2d8d0b8f5f1f15a') in 0.013145 seconds 
  Import took 0.019624 seconds .

========================================================================
Received Import Request.
  Time since last request: 18.892511 seconds.
  path: Assets/TextMesh Pro/KoreanFonts/Galmuri7.asset
  artifactKey: Guid(df02234d3f14e3647ba329661f03dcb0) Importer(815301076,1909f56bfc062723c751e8b465ee728b)
Start importing Assets/TextMesh Pro/KoreanFonts/Galmuri7.asset using Guid(df02234d3f14e3647ba329661f03dcb0) Importer(815301076,1909f56bfc062723c751e8b465ee728b)  -> (artifact id: '0b19d077ae230719f1873a8a2039b82f') in 0.474047 seconds 
  Import took 0.480523 seconds .

========================================================================
Received Import Request.
  Time since last request: 74.833538 seconds.
  path: Assets/TextMesh Pro/KoreanFonts/Galmuri11.ttf
  artifactKey: Guid(4d08e1d8e12d4e34497b178f0394e152) Importer(815301076,1909f56bfc062723c751e8b465ee728b)
Start importing Assets/TextMesh Pro/KoreanFonts/Galmuri11.ttf using Guid(4d08e1d8e12d4e34497b178f0394e152) Importer(815301076,1909f56bfc062723c751e8b465ee728b)  -> (artifact id: 'ef3f5e4127f287a9a26eed8d73e57ceb') in 0.014895 seconds 
  Import took 0.045931 seconds .

========================================================================
Received Import Request.
  Time since last request: 15.808793 seconds.
  path: Assets/TextMesh Pro/KoreanFonts/Galmuri11.asset
  artifactKey: Guid(7a583424ea789044e9b9113ea2f33a3f) Importer(815301076,1909f56bfc062723c751e8b465ee728b)
Start importing Assets/TextMesh Pro/KoreanFonts/Galmuri11.asset using Guid(7a583424ea789044e9b9113ea2f33a3f) Importer(815301076,1909f56bfc062723c751e8b465ee728b)  -> (artifact id: '329af2c7ad3824939a4052c3f2bb8c51') in 0.185319 seconds 
  Import took 0.192122 seconds .

========================================================================
Received Import Request.
  Time since last request: 92.679552 seconds.
  path: Assets/TextMesh Pro/KoreanFonts/Galmuri14.ttf
  artifactKey: Guid(1d7cbda06a5dbb5468e158bc2ff65c31) Importer(815301076,1909f56bfc062723c751e8b465ee728b)
Start importing Assets/TextMesh Pro/KoreanFonts/Galmuri14.ttf using Guid(1d7cbda06a5dbb5468e158bc2ff65c31) Importer(815301076,1909f56bfc062723c751e8b465ee728b)  -> (artifact id: '1affd131618b7d0a1f1561270d8ce3c4') in 0.012946 seconds 
  Import took 0.018902 seconds .

========================================================================
Received Import Request.
  Time since last request: 14.213702 seconds.
  path: Assets/TextMesh Pro/KoreanFonts/Galmuri14.asset
  artifactKey: Guid(c2637ab1d04961a40a1d52e06ef19455) Importer(815301076,1909f56bfc062723c751e8b465ee728b)
Start importing Assets/TextMesh Pro/KoreanFonts/Galmuri14.asset using Guid(c2637ab1d04961a40a1d52e06ef19455) Importer(815301076,1909f56bfc062723c751e8b465ee728b)  -> (artifact id: '5ff6d7e602257a0335ba4b5143d4b575') in 0.192661 seconds 
  Import took 0.199594 seconds .

========================================================================
Received Import Request.
  Time since last request: 201.574322 seconds.
  path: Assets/TextMesh Pro/KoreanFonts/Galmuri9.ttf
  artifactKey: Guid(12f6db52cb2ac814c8c825763aadea42) Importer(815301076,1909f56bfc062723c751e8b465ee728b)
Start importing Assets/TextMesh Pro/KoreanFonts/Galmuri9.ttf using Guid(12f6db52cb2ac814c8c825763aadea42) Importer(815301076,1909f56bfc062723c751e8b465ee728b)  -> (artifact id: 'a284bf971359e48f17afc7ef473da599') in 0.014583 seconds 
  Import took 0.020753 seconds .

========================================================================
Received Import Request.
  Time since last request: 13.926862 seconds.
  path: Assets/TextMesh Pro/KoreanFonts/Galmuri9.asset
  artifactKey: Guid(2af36c6978242f04a8057c3921b90d83) Importer(815301076,1909f56bfc062723c751e8b465ee728b)
Start importing Assets/TextMesh Pro/KoreanFonts/Galmuri9.asset using Guid(2af36c6978242f04a8057c3921b90d83) Importer(815301076,1909f56bfc062723c751e8b465ee728b)  -> (artifact id: 'a956348e054ca6580c5b0a07408be02f') in 0.183339 seconds 
  Import took 0.189985 seconds .

========================================================================
Received Import Request.
  Time since last request: 85.813061 seconds.
  path: Assets/TextMesh Pro/KoreanFonts/Galmuri11-Bold.asset
  artifactKey: Guid(fec9bc946ed766e44818989c4945a0e2) Importer(815301076,1909f56bfc062723c751e8b465ee728b)
Start importing Assets/TextMesh Pro/KoreanFonts/Galmuri11-Bold.asset using Guid(fec9bc946ed766e44818989c4945a0e2) Importer(815301076,1909f56bfc062723c751e8b465ee728b)  -> (artifact id: '77865cebd9c5db24250529dde8927f78') in 0.307220 seconds 
  Import took 0.713766 seconds .

========================================================================
Received Import Request.
  Time since last request: 94.134447 seconds.
  path: Assets/TextMesh Pro/KoreanFonts/Silver.asset
  artifactKey: Guid(60f54d4e00f7aed4b9a384f8117a369f) Importer(815301076,1909f56bfc062723c751e8b465ee728b)
Start importing Assets/TextMesh Pro/KoreanFonts/Silver.asset using Guid(60f54d4e00f7aed4b9a384f8117a369f) Importer(815301076,1909f56bfc062723c751e8b465ee728b)  -> (artifact id: 'df01eb1fdb01b666e09cec6ab38a182e') in 0.195229 seconds 
  Import took 0.202575 seconds .

========================================================================
Received Import Request.
  Time since last request: 27.784615 seconds.
  path: Assets/TextMesh Pro/KoreanFonts/Galmuri11.ttf
  artifactKey: Guid(4d08e1d8e12d4e34497b178f0394e152) Importer(815301076,1909f56bfc062723c751e8b465ee728b)
Start importing Assets/TextMesh Pro/KoreanFonts/Galmuri11.ttf using Guid(4d08e1d8e12d4e34497b178f0394e152) Importer(815301076,1909f56bfc062723c751e8b465ee728b)  -> (artifact id: 'f719867af42706f7d7ec8445ce5e67e0') in 0.015316 seconds 
  Import took 0.021229 seconds .

========================================================================
Received Import Request.
  Time since last request: 12.084290 seconds.
  path: Assets/TextMesh Pro/KoreanFonts/Galmuri11.asset
  artifactKey: Guid(7a583424ea789044e9b9113ea2f33a3f) Importer(815301076,1909f56bfc062723c751e8b465ee728b)
Start importing Assets/TextMesh Pro/KoreanFonts/Galmuri11.asset using Guid(7a583424ea789044e9b9113ea2f33a3f) Importer(815301076,1909f56bfc062723c751e8b465ee728b)  -> (artifact id: '35c5ccb3bf44a3b40690dcdcdedde993') in 0.181680 seconds 
  Import took 0.188429 seconds .

========================================================================
Received Import Request.
  Time since last request: 328.159345 seconds.
  path: Assets/TextMesh Pro/KoreanFonts/Galmuri9.asset
  artifactKey: Guid(2af36c6978242f04a8057c3921b90d83) Importer(815301076,1909f56bfc062723c751e8b465ee728b)
Start importing Assets/TextMesh Pro/KoreanFonts/Galmuri9.asset using Guid(2af36c6978242f04a8057c3921b90d83) Importer(815301076,1909f56bfc062723c751e8b465ee728b)  -> (artifact id: 'b52d43602552f3a52827e856e47b7db5') in 0.189004 seconds 
  Import took 0.255065 seconds .

========================================================================
Received Prepare
Registering precompiled user dll's ...
Registered in 0.006359 seconds.
Begin MonoManager ReloadAssembly
Native extension for WindowsStandalone target not found
Refreshing native plugins compatible for Editor in 0.95 ms, found 3 plugins.
Preloading 0 native plugins for Editor in 0.00 ms.
Mono: successfully reloaded assembly
- Completed reload, in  1.124 seconds
Domain Reload Profiling:
	ReloadAssembly (1124ms)
		BeginReloadAssembly (143ms)
			ExecutionOrderSort (0ms)
			DisableScriptedObjects (7ms)
			BackupInstance (0ms)
			ReleaseScriptingObjects (0ms)
			CreateAndSetChildDomain (39ms)
		EndReloadAssembly (914ms)
			LoadAssemblies (119ms)
			RebuildTransferFunctionScriptingTraits (0ms)
			SetupTypeCache (302ms)
			ReleaseScriptCaches (1ms)
			RebuildScriptCaches (41ms)
			SetupLoadedEditorAssemblies (321ms)
				LogAssemblyErrors (0ms)
				InitializePlatformSupportModulesInManaged (4ms)
				SetLoadedEditorAssemblies (0ms)
				RefreshPlugins (1ms)
				BeforeProcessingInitializeOnLoad (112ms)
				ProcessInitializeOnLoadAttributes (182ms)
				ProcessInitializeOnLoadMethodAttributes (5ms)
				AfterProcessingInitializeOnLoad (16ms)
				EditorAssembliesLoaded (0ms)
			ExecutionOrderSort2 (0ms)
			AwakeInstancesAfterBackupRestoration (15ms)
Platform modules already initialized, skipping
Shader 'Universal Render Pipeline/Particles/Lit': fallback shader 'Universal Render Pipeline/Particles/SimpleLit' not found
Refreshing native plugins compatible for Editor in 0.92 ms, found 3 plugins.
Preloading 0 native plugins for Editor in 0.00 ms.
Unloading 3818 Unused Serialized files (Serialized files now loaded: 0)
System memory in use before: 177.0 MB.
System memory in use after: 177.1 MB.

Unloading 29 unused Assets to reduce memory usage. Loaded Objects now: 4489.
Total: 3.205400 ms (FindLiveObjects: 0.419700 ms CreateObjectMapping: 0.118700 ms MarkObjects: 2.549400 ms  DeleteObjects: 0.116100 ms)

AssetImportParameters requested are different than current active one (requested -> active):
  custom:framework-win-MediaFoundation: 216162199b28c13a410421893ffa2e32 -> 
  custom:video-decoder-ogg-theora: a1e56fd34408186e4bbccfd4996cb3dc -> 
  custom:container-muxer-webm: aa71ff27fc2769a1b78a27578f13a17b -> 
  custom:container-demuxer-webm: 4f35f7cbe854078d1ac9338744f61a02 -> 
  custom:container-demuxer-ogg: 62fdf1f143b41e24485cea50d1cbac27 -> 
  custom:video-encoder-webm-vp8: eb34c28f22e8b96e1ab97ce403110664 -> 
  custom:video-decoder-webm-vp8: 9c59270c3fd7afecdb556c50c9e8de78 -> 
  custom:audio-decoder-ogg-vorbis: bf7c407c2cedff20999df2af8eb42d56 -> 
  custom:audio-encoder-webm-vorbis: bf7c407c2cedff20999df2af8eb42d56 -> 
========================================================================
Received Prepare
Registering precompiled user dll's ...
Registered in 0.006263 seconds.
Begin MonoManager ReloadAssembly
Native extension for WindowsStandalone target not found
Refreshing native plugins compatible for Editor in 0.95 ms, found 3 plugins.
Preloading 0 native plugins for Editor in 0.00 ms.
Mono: successfully reloaded assembly
- Completed reload, in  1.129 seconds
Domain Reload Profiling:
	ReloadAssembly (1129ms)
		BeginReloadAssembly (134ms)
			ExecutionOrderSort (0ms)
			DisableScriptedObjects (6ms)
			BackupInstance (0ms)
			ReleaseScriptingObjects (0ms)
			CreateAndSetChildDomain (34ms)
		EndReloadAssembly (927ms)
			LoadAssemblies (104ms)
			RebuildTransferFunctionScriptingTraits (0ms)
			SetupTypeCache (318ms)
			ReleaseScriptCaches (2ms)
			RebuildScriptCaches (43ms)
			SetupLoadedEditorAssemblies (333ms)
				LogAssemblyErrors (0ms)
				InitializePlatformSupportModulesInManaged (4ms)
				SetLoadedEditorAssemblies (0ms)
				RefreshPlugins (1ms)
				BeforeProcessingInitializeOnLoad (115ms)
				ProcessInitializeOnLoadAttributes (190ms)
				ProcessInitializeOnLoadMethodAttributes (6ms)
				AfterProcessingInitializeOnLoad (16ms)
				EditorAssembliesLoaded (0ms)
			ExecutionOrderSort2 (0ms)
			AwakeInstancesAfterBackupRestoration (18ms)
Platform modules already initialized, skipping
Shader 'Universal Render Pipeline/Particles/Lit': fallback shader 'Universal Render Pipeline/Particles/SimpleLit' not found
Refreshing native plugins compatible for Editor in 1.08 ms, found 3 plugins.
Preloading 0 native plugins for Editor in 0.00 ms.
Unloading 3818 Unused Serialized files (Serialized files now loaded: 0)
System memory in use before: 177.0 MB.
System memory in use after: 177.1 MB.

Unloading 29 unused Assets to reduce memory usage. Loaded Objects now: 4493.
Total: 3.678000 ms (FindLiveObjects: 0.573500 ms CreateObjectMapping: 0.122600 ms MarkObjects: 2.850800 ms  DeleteObjects: 0.129100 ms)

AssetImportParameters requested are different than current active one (requested -> active):
  custom:framework-win-MediaFoundation: 216162199b28c13a410421893ffa2e32 -> 
  custom:video-decoder-ogg-theora: a1e56fd34408186e4bbccfd4996cb3dc -> 
  custom:container-muxer-webm: aa71ff27fc2769a1b78a27578f13a17b -> 
  custom:container-demuxer-webm: 4f35f7cbe854078d1ac9338744f61a02 -> 
  custom:container-demuxer-ogg: 62fdf1f143b41e24485cea50d1cbac27 -> 
  custom:video-encoder-webm-vp8: eb34c28f22e8b96e1ab97ce403110664 -> 
  custom:video-decoder-webm-vp8: 9c59270c3fd7afecdb556c50c9e8de78 -> 
  custom:audio-decoder-ogg-vorbis: bf7c407c2cedff20999df2af8eb42d56 -> 
  custom:audio-encoder-webm-vorbis: bf7c407c2cedff20999df2af8eb42d56 -> 
========================================================================
Received Import Request.
  Time since last request: 367.106064 seconds.
  path: Assets/Prefabs/prefab_UI/SettingPrefab/BindingResetPrompt.prefab
  artifactKey: Guid(fce04dff9956ced48aec6faf653e0d9e) Importer(815301076,1909f56bfc062723c751e8b465ee728b)
Start importing Assets/Prefabs/prefab_UI/SettingPrefab/BindingResetPrompt.prefab using Guid(fce04dff9956ced48aec6faf653e0d9e) Importer(815301076,1909f56bfc062723c751e8b465ee728b)  -> (artifact id: '1c8c387fc5e0d2d1580f65d3b89dff8b') in 0.248631 seconds 
  Import took 0.255862 seconds .

========================================================================
Received Import Request.
  Time since last request: 35.882994 seconds.
  path: Assets/TextMesh Pro/KoreanFonts/Galmuri9.asset
  artifactKey: Guid(2af36c6978242f04a8057c3921b90d83) Importer(815301076,1909f56bfc062723c751e8b465ee728b)
Start importing Assets/TextMesh Pro/KoreanFonts/Galmuri9.asset using Guid(2af36c6978242f04a8057c3921b90d83) Importer(815301076,1909f56bfc062723c751e8b465ee728b)  -> (artifact id: '6408537482ce5b38439ab46467ec1834') in 0.402600 seconds 
  Import took 0.409438 seconds .

========================================================================
Received Prepare
Registering precompiled user dll's ...
Registered in 0.006306 seconds.
Begin MonoManager ReloadAssembly
Native extension for WindowsStandalone target not found
Refreshing native plugins compatible for Editor in 1.21 ms, found 3 plugins.
Preloading 0 native plugins for Editor in 0.00 ms.
Mono: successfully reloaded assembly
- Completed reload, in  1.158 seconds
Domain Reload Profiling:
	ReloadAssembly (1158ms)
		BeginReloadAssembly (144ms)
			ExecutionOrderSort (0ms)
			DisableScriptedObjects (7ms)
			BackupInstance (0ms)
			ReleaseScriptingObjects (0ms)
			CreateAndSetChildDomain (40ms)
		EndReloadAssembly (923ms)
			LoadAssemblies (109ms)
			RebuildTransferFunctionScriptingTraits (0ms)
			SetupTypeCache (307ms)
			ReleaseScriptCaches (2ms)
			RebuildScriptCaches (43ms)
			SetupLoadedEditorAssemblies (334ms)
				LogAssemblyErrors (0ms)
				InitializePlatformSupportModulesInManaged (4ms)
				SetLoadedEditorAssemblies (0ms)
				RefreshPlugins (1ms)
				BeforeProcessingInitializeOnLoad (114ms)
				ProcessInitializeOnLoadAttributes (190ms)
				ProcessInitializeOnLoadMethodAttributes (5ms)
				AfterProcessingInitializeOnLoad (18ms)
				EditorAssembliesLoaded (0ms)
			ExecutionOrderSort2 (0ms)
			AwakeInstancesAfterBackupRestoration (18ms)
Platform modules already initialized, skipping
Shader 'Universal Render Pipeline/Particles/Lit': fallback shader 'Universal Render Pipeline/Particles/SimpleLit' not found
Refreshing native plugins compatible for Editor in 0.93 ms, found 3 plugins.
Preloading 0 native plugins for Editor in 0.00 ms.
Unloading 3818 Unused Serialized files (Serialized files now loaded: 0)
System memory in use before: 177.2 MB.
System memory in use after: 177.3 MB.

Unloading 29 unused Assets to reduce memory usage. Loaded Objects now: 4534.
Total: 3.565700 ms (FindLiveObjects: 0.600200 ms CreateObjectMapping: 0.128400 ms MarkObjects: 2.686200 ms  DeleteObjects: 0.148900 ms)

AssetImportParameters requested are different than current active one (requested -> active):
  custom:framework-win-MediaFoundation: 216162199b28c13a410421893ffa2e32 -> 
  custom:video-decoder-ogg-theora: a1e56fd34408186e4bbccfd4996cb3dc -> 
  custom:container-muxer-webm: aa71ff27fc2769a1b78a27578f13a17b -> 
  custom:container-demuxer-webm: 4f35f7cbe854078d1ac9338744f61a02 -> 
  custom:container-demuxer-ogg: 62fdf1f143b41e24485cea50d1cbac27 -> 
  custom:video-encoder-webm-vp8: eb34c28f22e8b96e1ab97ce403110664 -> 
  custom:video-decoder-webm-vp8: 9c59270c3fd7afecdb556c50c9e8de78 -> 
  custom:audio-decoder-ogg-vorbis: bf7c407c2cedff20999df2af8eb42d56 -> 
  custom:audio-encoder-webm-vorbis: bf7c407c2cedff20999df2af8eb42d56 -> 
========================================================================
Received Prepare
Registering precompiled user dll's ...
Registered in 0.006867 seconds.
Begin MonoManager ReloadAssembly
Native extension for WindowsStandalone target not found
Refreshing native plugins compatible for Editor in 1.99 ms, found 3 plugins.
Preloading 0 native plugins for Editor in 0.00 ms.
Mono: successfully reloaded assembly
- Completed reload, in  1.161 seconds
Domain Reload Profiling:
	ReloadAssembly (1162ms)
		BeginReloadAssembly (122ms)
			ExecutionOrderSort (0ms)
			DisableScriptedObjects (6ms)
			BackupInstance (0ms)
			ReleaseScriptingObjects (0ms)
			CreateAndSetChildDomain (34ms)
		EndReloadAssembly (973ms)
			LoadAssemblies (104ms)
			RebuildTransferFunctionScriptingTraits (0ms)
			SetupTypeCache (291ms)
			ReleaseScriptCaches (1ms)
			RebuildScriptCaches (42ms)
			SetupLoadedEditorAssemblies (404ms)
				LogAssemblyErrors (0ms)
				InitializePlatformSupportModulesInManaged (4ms)
				SetLoadedEditorAssemblies (0ms)
				RefreshPlugins (2ms)
				BeforeProcessingInitializeOnLoad (128ms)
				ProcessInitializeOnLoadAttributes (248ms)
				ProcessInitializeOnLoadMethodAttributes (5ms)
				AfterProcessingInitializeOnLoad (15ms)
				EditorAssembliesLoaded (0ms)
			ExecutionOrderSort2 (0ms)
			AwakeInstancesAfterBackupRestoration (17ms)
Platform modules already initialized, skipping
Shader 'Universal Render Pipeline/Particles/Lit': fallback shader 'Universal Render Pipeline/Particles/SimpleLit' not found
Refreshing native plugins compatible for Editor in 1.01 ms, found 3 plugins.
Preloading 0 native plugins for Editor in 0.00 ms.
Unloading 3818 Unused Serialized files (Serialized files now loaded: 0)
System memory in use before: 177.2 MB.
System memory in use after: 177.3 MB.

Unloading 29 unused Assets to reduce memory usage. Loaded Objects now: 4538.
Total: 3.608400 ms (FindLiveObjects: 0.595500 ms CreateObjectMapping: 0.103800 ms MarkObjects: 2.769600 ms  DeleteObjects: 0.137400 ms)

AssetImportParameters requested are different than current active one (requested -> active):
  custom:framework-win-MediaFoundation: 216162199b28c13a410421893ffa2e32 -> 
  custom:video-decoder-ogg-theora: a1e56fd34408186e4bbccfd4996cb3dc -> 
  custom:container-muxer-webm: aa71ff27fc2769a1b78a27578f13a17b -> 
  custom:container-demuxer-webm: 4f35f7cbe854078d1ac9338744f61a02 -> 
  custom:container-demuxer-ogg: 62fdf1f143b41e24485cea50d1cbac27 -> 
  custom:video-encoder-webm-vp8: eb34c28f22e8b96e1ab97ce403110664 -> 
  custom:video-decoder-webm-vp8: 9c59270c3fd7afecdb556c50c9e8de78 -> 
  custom:audio-decoder-ogg-vorbis: bf7c407c2cedff20999df2af8eb42d56 -> 
  custom:audio-encoder-webm-vorbis: bf7c407c2cedff20999df2af8eb42d56 -> 
========================================================================
Received Prepare
Registering precompiled user dll's ...
Registered in 0.006950 seconds.
Begin MonoManager ReloadAssembly
Native extension for WindowsStandalone target not found
Refreshing native plugins compatible for Editor in 1.04 ms, found 3 plugins.
Preloading 0 native plugins for Editor in 0.00 ms.
Mono: successfully reloaded assembly
- Completed reload, in  1.147 seconds
Domain Reload Profiling:
	ReloadAssembly (1148ms)
		BeginReloadAssembly (126ms)
			ExecutionOrderSort (0ms)
			DisableScriptedObjects (6ms)
			BackupInstance (0ms)
			ReleaseScriptingObjects (0ms)
			CreateAndSetChildDomain (37ms)
		EndReloadAssembly (951ms)
			LoadAssemblies (109ms)
			RebuildTransferFunctionScriptingTraits (0ms)
			SetupTypeCache (314ms)
			ReleaseScriptCaches (1ms)
			RebuildScriptCaches (46ms)
			SetupLoadedEditorAssemblies (345ms)
				LogAssemblyErrors (0ms)
				InitializePlatformSupportModulesInManaged (4ms)
				SetLoadedEditorAssemblies (0ms)
				RefreshPlugins (1ms)
				BeforeProcessingInitializeOnLoad (122ms)
				ProcessInitializeOnLoadAttributes (196ms)
				ProcessInitializeOnLoadMethodAttributes (6ms)
				AfterProcessingInitializeOnLoad (16ms)
				EditorAssembliesLoaded (0ms)
			ExecutionOrderSort2 (0ms)
			AwakeInstancesAfterBackupRestoration (17ms)
Platform modules already initialized, skipping
Shader 'Universal Render Pipeline/Particles/Lit': fallback shader 'Universal Render Pipeline/Particles/SimpleLit' not found
Refreshing native plugins compatible for Editor in 1.04 ms, found 3 plugins.
Preloading 0 native plugins for Editor in 0.00 ms.
Unloading 3818 Unused Serialized files (Serialized files now loaded: 0)
System memory in use before: 177.2 MB.
System memory in use after: 177.3 MB.

Unloading 29 unused Assets to reduce memory usage. Loaded Objects now: 4542.
Total: 3.614100 ms (FindLiveObjects: 0.414300 ms CreateObjectMapping: 0.103100 ms MarkObjects: 2.964100 ms  DeleteObjects: 0.131400 ms)

AssetImportParameters requested are different than current active one (requested -> active):
  custom:framework-win-MediaFoundation: 216162199b28c13a410421893ffa2e32 -> 
  custom:video-decoder-ogg-theora: a1e56fd34408186e4bbccfd4996cb3dc -> 
  custom:container-muxer-webm: aa71ff27fc2769a1b78a27578f13a17b -> 
  custom:container-demuxer-webm: 4f35f7cbe854078d1ac9338744f61a02 -> 
  custom:container-demuxer-ogg: 62fdf1f143b41e24485cea50d1cbac27 -> 
  custom:video-encoder-webm-vp8: eb34c28f22e8b96e1ab97ce403110664 -> 
  custom:video-decoder-webm-vp8: 9c59270c3fd7afecdb556c50c9e8de78 -> 
  custom:audio-decoder-ogg-vorbis: bf7c407c2cedff20999df2af8eb42d56 -> 
  custom:audio-encoder-webm-vorbis: bf7c407c2cedff20999df2af8eb42d56 -> 
========================================================================
Received Prepare
Registering precompiled user dll's ...
Registered in 0.005763 seconds.
Begin MonoManager ReloadAssembly
Native extension for WindowsStandalone target not found
Refreshing native plugins compatible for Editor in 0.91 ms, found 3 plugins.
Preloading 0 native plugins for Editor in 0.00 ms.
Mono: successfully reloaded assembly
- Completed reload, in  1.117 seconds
Domain Reload Profiling:
	ReloadAssembly (1118ms)
		BeginReloadAssembly (133ms)
			ExecutionOrderSort (0ms)
			DisableScriptedObjects (5ms)
			BackupInstance (0ms)
			ReleaseScriptingObjects (0ms)
			CreateAndSetChildDomain (33ms)
		EndReloadAssembly (901ms)
			LoadAssemblies (106ms)
			RebuildTransferFunctionScriptingTraits (0ms)
			SetupTypeCache (297ms)
			ReleaseScriptCaches (2ms)
			RebuildScriptCaches (43ms)
			SetupLoadedEditorAssemblies (325ms)
				LogAssemblyErrors (0ms)
				InitializePlatformSupportModulesInManaged (4ms)
				SetLoadedEditorAssemblies (0ms)
				RefreshPlugins (1ms)
				BeforeProcessingInitializeOnLoad (113ms)
				ProcessInitializeOnLoadAttributes (186ms)
				ProcessInitializeOnLoadMethodAttributes (5ms)
				AfterProcessingInitializeOnLoad (16ms)
				EditorAssembliesLoaded (0ms)
			ExecutionOrderSort2 (0ms)
			AwakeInstancesAfterBackupRestoration (17ms)
Platform modules already initialized, skipping
Shader 'Universal Render Pipeline/Particles/Lit': fallback shader 'Universal Render Pipeline/Particles/SimpleLit' not found
Refreshing native plugins compatible for Editor in 0.90 ms, found 3 plugins.
Preloading 0 native plugins for Editor in 0.00 ms.
Unloading 3818 Unused Serialized files (Serialized files now loaded: 0)
System memory in use before: 177.3 MB.
System memory in use after: 177.4 MB.

Unloading 29 unused Assets to reduce memory usage. Loaded Objects now: 4546.
Total: 3.116500 ms (FindLiveObjects: 0.391200 ms CreateObjectMapping: 0.098000 ms MarkObjects: 2.493300 ms  DeleteObjects: 0.133000 ms)

AssetImportParameters requested are different than current active one (requested -> active):
  custom:framework-win-MediaFoundation: 216162199b28c13a410421893ffa2e32 -> 
  custom:video-decoder-ogg-theora: a1e56fd34408186e4bbccfd4996cb3dc -> 
  custom:container-muxer-webm: aa71ff27fc2769a1b78a27578f13a17b -> 
  custom:container-demuxer-webm: 4f35f7cbe854078d1ac9338744f61a02 -> 
  custom:container-demuxer-ogg: 62fdf1f143b41e24485cea50d1cbac27 -> 
  custom:video-encoder-webm-vp8: eb34c28f22e8b96e1ab97ce403110664 -> 
  custom:video-decoder-webm-vp8: 9c59270c3fd7afecdb556c50c9e8de78 -> 
  custom:audio-decoder-ogg-vorbis: bf7c407c2cedff20999df2af8eb42d56 -> 
  custom:audio-encoder-webm-vorbis: bf7c407c2cedff20999df2af8eb42d56 -> 
========================================================================
Received Prepare
Registering precompiled user dll's ...
Registered in 0.006085 seconds.
Begin MonoManager ReloadAssembly
Native extension for WindowsStandalone target not found
Refreshing native plugins compatible for Editor in 1.02 ms, found 3 plugins.
Preloading 0 native plugins for Editor in 0.00 ms.
Mono: successfully reloaded assembly
- Completed reload, in  1.194 seconds
Domain Reload Profiling:
	ReloadAssembly (1194ms)
		BeginReloadAssembly (140ms)
			ExecutionOrderSort (0ms)
			DisableScriptedObjects (6ms)
			BackupInstance (0ms)
			ReleaseScriptingObjects (0ms)
			CreateAndSetChildDomain (34ms)
		EndReloadAssembly (979ms)
			LoadAssemblies (116ms)
			RebuildTransferFunctionScriptingTraits (0ms)
			SetupTypeCache (326ms)
			ReleaseScriptCaches (2ms)
			RebuildScriptCaches (52ms)
			SetupLoadedEditorAssemblies (347ms)
				LogAssemblyErrors (0ms)
				InitializePlatformSupportModulesInManaged (5ms)
				SetLoadedEditorAssemblies (0ms)
				RefreshPlugins (1ms)
				BeforeProcessingInitializeOnLoad (121ms)
				ProcessInitializeOnLoadAttributes (197ms)
				ProcessInitializeOnLoadMethodAttributes (6ms)
				AfterProcessingInitializeOnLoad (17ms)
				EditorAssembliesLoaded (0ms)
			ExecutionOrderSort2 (0ms)
			AwakeInstancesAfterBackupRestoration (19ms)
Platform modules already initialized, skipping
Shader 'Universal Render Pipeline/Particles/Lit': fallback shader 'Universal Render Pipeline/Particles/SimpleLit' not found
Refreshing native plugins compatible for Editor in 1.47 ms, found 3 plugins.
Preloading 0 native plugins for Editor in 0.00 ms.
Unloading 3818 Unused Serialized files (Serialized files now loaded: 0)
System memory in use before: 177.3 MB.
System memory in use after: 177.4 MB.

Unloading 29 unused Assets to reduce memory usage. Loaded Objects now: 4550.
Total: 3.368000 ms (FindLiveObjects: 0.464100 ms CreateObjectMapping: 0.091800 ms MarkObjects: 2.678200 ms  DeleteObjects: 0.132400 ms)

AssetImportParameters requested are different than current active one (requested -> active):
  custom:framework-win-MediaFoundation: 216162199b28c13a410421893ffa2e32 -> 
  custom:video-decoder-ogg-theora: a1e56fd34408186e4bbccfd4996cb3dc -> 
  custom:container-muxer-webm: aa71ff27fc2769a1b78a27578f13a17b -> 
  custom:container-demuxer-webm: 4f35f7cbe854078d1ac9338744f61a02 -> 
  custom:container-demuxer-ogg: 62fdf1f143b41e24485cea50d1cbac27 -> 
  custom:video-encoder-webm-vp8: eb34c28f22e8b96e1ab97ce403110664 -> 
  custom:video-decoder-webm-vp8: 9c59270c3fd7afecdb556c50c9e8de78 -> 
  custom:audio-decoder-ogg-vorbis: bf7c407c2cedff20999df2af8eb42d56 -> 
  custom:audio-encoder-webm-vorbis: bf7c407c2cedff20999df2af8eb42d56 -> 
========================================================================
Received Import Request.
  Time since last request: 1056.760309 seconds.
  path: Assets/TextMesh Pro/KoreanFonts/neodgm.ttf
  artifactKey: Guid(b3e44316367489c49bb8b3e07026563c) Importer(815301076,1909f56bfc062723c751e8b465ee728b)
Start importing Assets/TextMesh Pro/KoreanFonts/neodgm.ttf using Guid(b3e44316367489c49bb8b3e07026563c) Importer(815301076,1909f56bfc062723c751e8b465ee728b)  -> (artifact id: '0ec38ccc1f00bba97953437102b7d818') in 0.135665 seconds 
  Import took 0.142202 seconds .

========================================================================
Received Import Request.
  Time since last request: 15.763302 seconds.
  path: Assets/TextMesh Pro/KoreanFonts/neodgm.asset
  artifactKey: Guid(5883b23023d4a1342b54132f6192f1e4) Importer(815301076,1909f56bfc062723c751e8b465ee728b)
Start importing Assets/TextMesh Pro/KoreanFonts/neodgm.asset using Guid(5883b23023d4a1342b54132f6192f1e4) Importer(815301076,1909f56bfc062723c751e8b465ee728b)  -> (artifact id: 'c1c033ca86ee9823af8a1f5b1dd869cf') in 0.474715 seconds 
  Import took 0.481119 seconds .

========================================================================
Received Import Request.
  Time since last request: 134.050428 seconds.
  path: Assets/TextMesh Pro/KoreanFonts/Galmuri11-Bold.asset
  artifactKey: Guid(fec9bc946ed766e44818989c4945a0e2) Importer(815301076,1909f56bfc062723c751e8b465ee728b)
Start importing Assets/TextMesh Pro/KoreanFonts/Galmuri11-Bold.asset using Guid(fec9bc946ed766e44818989c4945a0e2) Importer(815301076,1909f56bfc062723c751e8b465ee728b)  -> (artifact id: '1ad58b354634336a68c2b74b4b4377fa') in 0.183166 seconds 
  Import took 0.189722 seconds .

========================================================================
Received Prepare
Registering precompiled user dll's ...
Registered in 0.006272 seconds.
Begin MonoManager ReloadAssembly
Native extension for WindowsStandalone target not found
Refreshing native plugins compatible for Editor in 1.57 ms, found 3 plugins.
Preloading 0 native plugins for Editor in 0.00 ms.
Mono: successfully reloaded assembly
- Completed reload, in  1.161 seconds
Domain Reload Profiling:
	ReloadAssembly (1161ms)
		BeginReloadAssembly (140ms)
			ExecutionOrderSort (0ms)
			DisableScriptedObjects (7ms)
			BackupInstance (0ms)
			ReleaseScriptingObjects (0ms)
			CreateAndSetChildDomain (37ms)
		EndReloadAssembly (949ms)
			LoadAssemblies (111ms)
			RebuildTransferFunctionScriptingTraits (0ms)
			SetupTypeCache (307ms)
			ReleaseScriptCaches (1ms)
			RebuildScriptCaches (43ms)
			SetupLoadedEditorAssemblies (346ms)
				LogAssemblyErrors (0ms)
				InitializePlatformSupportModulesInManaged (4ms)
				SetLoadedEditorAssemblies (0ms)
				RefreshPlugins (2ms)
				BeforeProcessingInitializeOnLoad (121ms)
				ProcessInitializeOnLoadAttributes (194ms)
				ProcessInitializeOnLoadMethodAttributes (6ms)
				AfterProcessingInitializeOnLoad (19ms)
				EditorAssembliesLoaded (0ms)
			ExecutionOrderSort2 (0ms)
			AwakeInstancesAfterBackupRestoration (20ms)
Platform modules already initialized, skipping
Shader 'Universal Render Pipeline/Particles/Lit': fallback shader 'Universal Render Pipeline/Particles/SimpleLit' not found
Refreshing native plugins compatible for Editor in 1.41 ms, found 3 plugins.
Preloading 0 native plugins for Editor in 0.00 ms.
Unloading 3818 Unused Serialized files (Serialized files now loaded: 0)
System memory in use before: 177.4 MB.
System memory in use after: 177.5 MB.

Unloading 29 unused Assets to reduce memory usage. Loaded Objects now: 4591.
Total: 3.632400 ms (FindLiveObjects: 0.459100 ms CreateObjectMapping: 0.100000 ms MarkObjects: 2.924800 ms  DeleteObjects: 0.146800 ms)

AssetImportParameters requested are different than current active one (requested -> active):
  custom:framework-win-MediaFoundation: 216162199b28c13a410421893ffa2e32 -> 
  custom:video-decoder-ogg-theora: a1e56fd34408186e4bbccfd4996cb3dc -> 
  custom:container-muxer-webm: aa71ff27fc2769a1b78a27578f13a17b -> 
  custom:container-demuxer-webm: 4f35f7cbe854078d1ac9338744f61a02 -> 
  custom:container-demuxer-ogg: 62fdf1f143b41e24485cea50d1cbac27 -> 
  custom:video-encoder-webm-vp8: eb34c28f22e8b96e1ab97ce403110664 -> 
  custom:video-decoder-webm-vp8: 9c59270c3fd7afecdb556c50c9e8de78 -> 
  custom:audio-decoder-ogg-vorbis: bf7c407c2cedff20999df2af8eb42d56 -> 
  custom:audio-encoder-webm-vorbis: bf7c407c2cedff20999df2af8eb42d56 -> 
========================================================================
Received Prepare
Registering precompiled user dll's ...
Registered in 0.006062 seconds.
Begin MonoManager ReloadAssembly
Native extension for WindowsStandalone target not found
Refreshing native plugins compatible for Editor in 1.44 ms, found 3 plugins.
Preloading 0 native plugins for Editor in 0.00 ms.
Mono: successfully reloaded assembly
- Completed reload, in  1.060 seconds
Domain Reload Profiling:
	ReloadAssembly (1060ms)
		BeginReloadAssembly (124ms)
			ExecutionOrderSort (0ms)
			DisableScriptedObjects (6ms)
			BackupInstance (0ms)
			ReleaseScriptingObjects (0ms)
			CreateAndSetChildDomain (32ms)
		EndReloadAssembly (870ms)
			LoadAssemblies (105ms)
			RebuildTransferFunctionScriptingTraits (0ms)
			SetupTypeCache (283ms)
			ReleaseScriptCaches (1ms)
			RebuildScriptCaches (41ms)
			SetupLoadedEditorAssemblies (320ms)
				LogAssemblyErrors (0ms)
				InitializePlatformSupportModulesInManaged (4ms)
				SetLoadedEditorAssemblies (0ms)
				RefreshPlugins (1ms)
				BeforeProcessingInitializeOnLoad (114ms)
				ProcessInitializeOnLoadAttributes (178ms)
				ProcessInitializeOnLoadMethodAttributes (5ms)
				AfterProcessingInitializeOnLoad (17ms)
				EditorAssembliesLoaded (0ms)
			ExecutionOrderSort2 (0ms)
			AwakeInstancesAfterBackupRestoration (15ms)
Platform modules already initialized, skipping
Shader 'Universal Render Pipeline/Particles/Lit': fallback shader 'Universal Render Pipeline/Particles/SimpleLit' not found
Refreshing native plugins compatible for Editor in 0.93 ms, found 3 plugins.
Preloading 0 native plugins for Editor in 0.00 ms.
Unloading 3818 Unused Serialized files (Serialized files now loaded: 0)
System memory in use before: 177.4 MB.
System memory in use after: 177.5 MB.

Unloading 29 unused Assets to reduce memory usage. Loaded Objects now: 4595.
Total: 3.453300 ms (FindLiveObjects: 0.536500 ms CreateObjectMapping: 0.106700 ms MarkObjects: 2.661800 ms  DeleteObjects: 0.146800 ms)

AssetImportParameters requested are different than current active one (requested -> active):
  custom:framework-win-MediaFoundation: 216162199b28c13a410421893ffa2e32 -> 
  custom:video-decoder-ogg-theora: a1e56fd34408186e4bbccfd4996cb3dc -> 
  custom:container-muxer-webm: aa71ff27fc2769a1b78a27578f13a17b -> 
  custom:container-demuxer-webm: 4f35f7cbe854078d1ac9338744f61a02 -> 
  custom:container-demuxer-ogg: 62fdf1f143b41e24485cea50d1cbac27 -> 
  custom:video-encoder-webm-vp8: eb34c28f22e8b96e1ab97ce403110664 -> 
  custom:video-decoder-webm-vp8: 9c59270c3fd7afecdb556c50c9e8de78 -> 
  custom:audio-decoder-ogg-vorbis: bf7c407c2cedff20999df2af8eb42d56 -> 
  custom:audio-encoder-webm-vorbis: bf7c407c2cedff20999df2af8eb42d56 -> 
========================================================================
Received Prepare
Registering precompiled user dll's ...
Registered in 0.006482 seconds.
Begin MonoManager ReloadAssembly
Native extension for WindowsStandalone target not found
Refreshing native plugins compatible for Editor in 1.01 ms, found 3 plugins.
Preloading 0 native plugins for Editor in 0.00 ms.
Mono: successfully reloaded assembly
- Completed reload, in  1.095 seconds
Domain Reload Profiling:
	ReloadAssembly (1096ms)
		BeginReloadAssembly (133ms)
			ExecutionOrderSort (0ms)
			DisableScriptedObjects (5ms)
			BackupInstance (0ms)
			ReleaseScriptingObjects (0ms)
			CreateAndSetChildDomain (33ms)
		EndReloadAssembly (892ms)
			LoadAssemblies (104ms)
			RebuildTransferFunctionScriptingTraits (0ms)
			SetupTypeCache (296ms)
			ReleaseScriptCaches (1ms)
			RebuildScriptCaches (40ms)
			SetupLoadedEditorAssemblies (326ms)
				LogAssemblyErrors (0ms)
				InitializePlatformSupportModulesInManaged (4ms)
				SetLoadedEditorAssemblies (0ms)
				RefreshPlugins (1ms)
				BeforeProcessingInitializeOnLoad (115ms)
				ProcessInitializeOnLoadAttributes (184ms)
				ProcessInitializeOnLoadMethodAttributes (5ms)
				AfterProcessingInitializeOnLoad (16ms)
				EditorAssembliesLoaded (0ms)
			ExecutionOrderSort2 (0ms)
			AwakeInstancesAfterBackupRestoration (16ms)
Platform modules already initialized, skipping
Shader 'Universal Render Pipeline/Particles/Lit': fallback shader 'Universal Render Pipeline/Particles/SimpleLit' not found
Refreshing native plugins compatible for Editor in 0.99 ms, found 3 plugins.
Preloading 0 native plugins for Editor in 0.00 ms.
Unloading 3818 Unused Serialized files (Serialized files now loaded: 0)
System memory in use before: 177.4 MB.
System memory in use after: 177.5 MB.

Unloading 29 unused Assets to reduce memory usage. Loaded Objects now: 4599.
Total: 3.244400 ms (FindLiveObjects: 0.386300 ms CreateObjectMapping: 0.096500 ms MarkObjects: 2.622700 ms  DeleteObjects: 0.137800 ms)

AssetImportParameters requested are different than current active one (requested -> active):
  custom:framework-win-MediaFoundation: 216162199b28c13a410421893ffa2e32 -> 
  custom:video-decoder-ogg-theora: a1e56fd34408186e4bbccfd4996cb3dc -> 
  custom:container-muxer-webm: aa71ff27fc2769a1b78a27578f13a17b -> 
  custom:container-demuxer-webm: 4f35f7cbe854078d1ac9338744f61a02 -> 
  custom:container-demuxer-ogg: 62fdf1f143b41e24485cea50d1cbac27 -> 
  custom:video-encoder-webm-vp8: eb34c28f22e8b96e1ab97ce403110664 -> 
  custom:video-decoder-webm-vp8: 9c59270c3fd7afecdb556c50c9e8de78 -> 
  custom:audio-decoder-ogg-vorbis: bf7c407c2cedff20999df2af8eb42d56 -> 
  custom:audio-encoder-webm-vorbis: bf7c407c2cedff20999df2af8eb42d56 -> 
